<?xml version="1.0" encoding="UTF-8"?>
<testng-results ignored="0" total="1" passed="1" failed="0" skipped="0">
  <reporter-output>
  </reporter-output>
  <suite started-at="2022-11-13T11:33:59 IST" name="Default suite" finished-at="2022-11-13T11:34:26 IST" duration-ms="27727">
    <groups>
    </groups>
    <test started-at="2022-11-13T11:33:59 IST" name="Default test" finished-at="2022-11-13T11:34:26 IST" duration-ms="27727">
      <class name="com.test.cases.TestCase2">
        <test-method is-config="true" signature="browserSetup()[pri:0, instance:com.test.cases.TestCase2@6f1de4c7]" started-at="2022-11-13T11:33:59 IST" name="browserSetup" finished-at="2022-11-13T11:34:13 IST" duration-ms="13682" status="PASS">
          <reporter-output>
          </reporter-output>
        </test-method> <!-- browserSetup -->
        <test-method signature="SignUp()[pri:0, instance:com.test.cases.TestCase2@6f1de4c7]" started-at="2022-11-13T11:34:13 IST" name="SignUp" description="Validate SignUp Functionality of leetcode" finished-at="2022-11-13T11:34:21 IST" duration-ms="8375" status="PASS">
          <reporter-output>
          </reporter-output>
        </test-method> <!-- SignUp -->
        <test-method is-config="true" signature="tearUp()[pri:0, instance:com.test.cases.TestCase2@6f1de4c7]" started-at="2022-11-13T11:34:21 IST" name="tearUp" finished-at="2022-11-13T11:34:26 IST" duration-ms="5300" status="PASS">
          <reporter-output>
          </reporter-output>
        </test-method> <!-- tearUp -->
      </class> <!-- com.test.cases.TestCase2 -->
    </test> <!-- Default test -->
  </suite> <!-- Default suite -->
</testng-results>
