<?xml version="1.0" encoding="UTF-8"?>
<testng-results ignored="0" total="1" passed="1" failed="0" skipped="0">
  <reporter-output>
  </reporter-output>
  <suite started-at="2022-11-13T10:40:40 IST" name="Default suite" finished-at="2022-11-13T10:41:05 IST" duration-ms="25807">
    <groups>
    </groups>
    <test started-at="2022-11-13T10:40:40 IST" name="Default test" finished-at="2022-11-13T10:41:05 IST" duration-ms="25807">
      <class name="com.test.cases.TestCase1">
        <test-method is-config="true" signature="browserSetup()[pri:0, instance:com.test.cases.TestCase1@4d5d943d]" started-at="2022-11-13T10:40:40 IST" name="browserSetup" finished-at="2022-11-13T10:40:56 IST" duration-ms="16131" status="PASS">
          <reporter-output>
          </reporter-output>
        </test-method> <!-- browserSetup -->
        <test-method signature="LoginFuctionality()[pri:0, instance:com.test.cases.TestCase1@4d5d943d]" started-at="2022-11-13T10:40:56 IST" name="LoginFuctionality" finished-at="2022-11-13T10:41:00 IST" duration-ms="4047" status="PASS">
          <reporter-output>
          </reporter-output>
        </test-method> <!-- LoginFuctionality -->
        <test-method is-config="true" signature="tearUp()[pri:0, instance:com.test.cases.TestCase1@4d5d943d]" started-at="2022-11-13T10:41:00 IST" name="tearUp" finished-at="2022-11-13T10:41:05 IST" duration-ms="5267" status="PASS">
          <reporter-output>
          </reporter-output>
        </test-method> <!-- tearUp -->
      </class> <!-- com.test.cases.TestCase1 -->
    </test> <!-- Default test -->
  </suite> <!-- Default suite -->
</testng-results>
